2012-12-18 12:50:02 Error: [MissingTableException] Table wp_wp_em_events for model Event was not found in datasource default.
#0 /var/www/cakes/2.1.5.x/Cake/Model/Model.php(3442): Model->setSource('wp_em_events')
#1 /var/www/cakes/2.1.5.x/Cake/Model/Model.php(2701): Model->getDataSource()
#2 /var/www/apps/love/Model/Event.php(14): Model->find('all', Array)
#3 /var/www/apps/love/View/Pages/home.ctp(2): Event->getEvents()
#4 /var/www/cakes/2.1.5.x/Cake/View/View.php(915): include('/var/www/apps/l...')
#5 /var/www/cakes/2.1.5.x/Cake/View/View.php(879): View->_evaluate('/var/www/apps/l...', Array)
#6 /var/www/cakes/2.1.5.x/Cake/View/View.php(470): View->_render('/var/www/apps/l...')
#7 /var/www/cakes/2.1.5.x/Cake/Controller/Controller.php(959): View->render('home', NULL)
#8 /var/www/apps/love/Controller/PagesController.php(80): Controller->render('home')
#9 [internal function]: PagesController->display('home')
#10 /var/www/cakes/2.1.5.x/Cake/Controller/Controller.php(485): ReflectionMethod->invokeArgs(Object(PagesController), Array)
#11 /var/www/cakes/2.1.5.x/Cake/Routing/Dispatcher.php(103): Controller->invokeAction(Object(CakeRequest))
#12 /var/www/cakes/2.1.5.x/Cake/Routing/Dispatcher.php(85): Dispatcher->_invoke(Object(PagesController), Object(CakeRequest), Object(CakeResponse))
#13 /var/www/apps/love/webroot/index.php(94): Dispatcher->dispatch(Object(CakeRequest), Object(CakeResponse))
#14 {main}
2012-12-18 12:59:50 Error: [PDOException] SQLSTATE[42S22]: Column not found: 1054 Unknown column 'Array' in 'where clause'
#0 /var/www/cakes/2.1.5.x/Cake/Model/Datasource/DboSource.php(437): PDOStatement->execute(Array)
#1 /var/www/cakes/2.1.5.x/Cake/Model/Datasource/DboSource.php(403): DboSource->_execute('SELECT `PostMet...', Array)
#2 /var/www/cakes/2.1.5.x/Cake/Model/Datasource/DboSource.php(647): DboSource->execute('SELECT `PostMet...', Array, Array)
#3 /var/www/cakes/2.1.5.x/Cake/Model/Datasource/DboSource.php(1058): DboSource->fetchAll('SELECT `PostMet...', false)
#4 /var/www/cakes/2.1.5.x/Cake/Model/Model.php(2701): DboSource->read(Object(PostMeta), Array)
#5 /var/www/apps/love/Model/PostMeta.php(22): Model->find('first', Array)
#6 /var/www/apps/love/View/Pages/home.ctp(10): PostMeta->getImage('59373')
#7 /var/www/cakes/2.1.5.x/Cake/View/View.php(915): include('/var/www/apps/l...')
#8 /var/www/cakes/2.1.5.x/Cake/View/View.php(879): View->_evaluate('/var/www/apps/l...', Array)
#9 /var/www/cakes/2.1.5.x/Cake/View/View.php(470): View->_render('/var/www/apps/l...')
#10 /var/www/cakes/2.1.5.x/Cake/Controller/Controller.php(959): View->render('home', NULL)
#11 /var/www/apps/love/Controller/PagesController.php(80): Controller->render('home')
#12 [internal function]: PagesController->display('home')
#13 /var/www/cakes/2.1.5.x/Cake/Controller/Controller.php(485): ReflectionMethod->invokeArgs(Object(PagesController), Array)
#14 /var/www/cakes/2.1.5.x/Cake/Routing/Dispatcher.php(103): Controller->invokeAction(Object(CakeRequest))
#15 /var/www/cakes/2.1.5.x/Cake/Routing/Dispatcher.php(85): Dispatcher->_invoke(Object(PagesController), Object(CakeRequest), Object(CakeResponse))
#16 /var/www/apps/love/webroot/index.php(94): Dispatcher->dispatch(Object(CakeRequest), Object(CakeResponse))
#17 {main}
2012-12-18 13:00:33 Error: [PDOException] SQLSTATE[42S22]: Column not found: 1054 Unknown column 'Array' in 'where clause'
#0 /var/www/cakes/2.1.5.x/Cake/Model/Datasource/DboSource.php(437): PDOStatement->execute(Array)
#1 /var/www/cakes/2.1.5.x/Cake/Model/Datasource/DboSource.php(403): DboSource->_execute('SELECT `PostMet...', Array)
#2 /var/www/cakes/2.1.5.x/Cake/Model/Datasource/DboSource.php(647): DboSource->execute('SELECT `PostMet...', Array, Array)
#3 /var/www/cakes/2.1.5.x/Cake/Model/Datasource/DboSource.php(1058): DboSource->fetchAll('SELECT `PostMet...', false)
#4 /var/www/cakes/2.1.5.x/Cake/Model/Model.php(2701): DboSource->read(Object(PostMeta), Array)
#5 /var/www/apps/love/Model/PostMeta.php(22): Model->find('first', Array)
#6 /var/www/apps/love/View/Pages/home.ctp(10): PostMeta->getImage('59373')
#7 /var/www/cakes/2.1.5.x/Cake/View/View.php(915): include('/var/www/apps/l...')
#8 /var/www/cakes/2.1.5.x/Cake/View/View.php(879): View->_evaluate('/var/www/apps/l...', Array)
#9 /var/www/cakes/2.1.5.x/Cake/View/View.php(470): View->_render('/var/www/apps/l...')
#10 /var/www/cakes/2.1.5.x/Cake/Controller/Controller.php(959): View->render('home', NULL)
#11 /var/www/apps/love/Controller/PagesController.php(80): Controller->render('home')
#12 [internal function]: PagesController->display('home')
#13 /var/www/cakes/2.1.5.x/Cake/Controller/Controller.php(485): ReflectionMethod->invokeArgs(Object(PagesController), Array)
#14 /var/www/cakes/2.1.5.x/Cake/Routing/Dispatcher.php(103): Controller->invokeAction(Object(CakeRequest))
#15 /var/www/cakes/2.1.5.x/Cake/Routing/Dispatcher.php(85): Dispatcher->_invoke(Object(PagesController), Object(CakeRequest), Object(CakeResponse))
#16 /var/www/apps/love/webroot/index.php(94): Dispatcher->dispatch(Object(CakeRequest), Object(CakeResponse))
#17 {main}
2012-12-18 13:23:27 Error: [PDOException] SQLSTATE[42S22]: Column not found: 1054 Unknown column 'PostMeta.location_address' in 'field list'
#0 /var/www/cakes/2.1.5.x/Cake/Model/Datasource/DboSource.php(437): PDOStatement->execute(Array)
#1 /var/www/cakes/2.1.5.x/Cake/Model/Datasource/DboSource.php(403): DboSource->_execute('SELECT `PostMet...', Array)
#2 /var/www/cakes/2.1.5.x/Cake/Model/Datasource/DboSource.php(647): DboSource->execute('SELECT `PostMet...', Array, Array)
#3 /var/www/cakes/2.1.5.x/Cake/Model/Datasource/DboSource.php(1058): DboSource->fetchAll('SELECT `PostMet...', false)
#4 /var/www/cakes/2.1.5.x/Cake/Model/Model.php(2701): DboSource->read(Object(PostMeta), Array)
#5 /var/www/apps/love/Model/PostMeta.php(22): Model->find('first', Array)
#6 /var/www/apps/love/View/Pages/home.ctp(10): PostMeta->getImage('59373')
#7 /var/www/cakes/2.1.5.x/Cake/View/View.php(915): include('/var/www/apps/l...')
#8 /var/www/cakes/2.1.5.x/Cake/View/View.php(879): View->_evaluate('/var/www/apps/l...', Array)
#9 /var/www/cakes/2.1.5.x/Cake/View/View.php(470): View->_render('/var/www/apps/l...')
#10 /var/www/cakes/2.1.5.x/Cake/Controller/Controller.php(959): View->render('home', NULL)
#11 /var/www/apps/love/Controller/PagesController.php(80): Controller->render('home')
#12 [internal function]: PagesController->display('home')
#13 /var/www/cakes/2.1.5.x/Cake/Controller/Controller.php(485): ReflectionMethod->invokeArgs(Object(PagesController), Array)
#14 /var/www/cakes/2.1.5.x/Cake/Routing/Dispatcher.php(103): Controller->invokeAction(Object(CakeRequest))
#15 /var/www/cakes/2.1.5.x/Cake/Routing/Dispatcher.php(85): Dispatcher->_invoke(Object(PagesController), Object(CakeRequest), Object(CakeResponse))
#16 /var/www/apps/love/webroot/index.php(94): Dispatcher->dispatch(Object(CakeRequest), Object(CakeResponse))
#17 {main}
2012-12-18 13:24:04 Error: [PDOException] SQLSTATE[42S22]: Column not found: 1054 Unknown column 'PostMeta.location_address' in 'field list'
#0 /var/www/cakes/2.1.5.x/Cake/Model/Datasource/DboSource.php(437): PDOStatement->execute(Array)
#1 /var/www/cakes/2.1.5.x/Cake/Model/Datasource/DboSource.php(403): DboSource->_execute('SELECT `PostMet...', Array)
#2 /var/www/cakes/2.1.5.x/Cake/Model/Datasource/DboSource.php(647): DboSource->execute('SELECT `PostMet...', Array, Array)
#3 /var/www/cakes/2.1.5.x/Cake/Model/Datasource/DboSource.php(1058): DboSource->fetchAll('SELECT `PostMet...', false)
#4 /var/www/cakes/2.1.5.x/Cake/Model/Model.php(2701): DboSource->read(Object(PostMeta), Array)
#5 /var/www/apps/love/Model/PostMeta.php(22): Model->find('first', Array)
#6 /var/www/apps/love/View/Pages/home.ctp(10): PostMeta->getImage('59373')
#7 /var/www/cakes/2.1.5.x/Cake/View/View.php(915): include('/var/www/apps/l...')
#8 /var/www/cakes/2.1.5.x/Cake/View/View.php(879): View->_evaluate('/var/www/apps/l...', Array)
#9 /var/www/cakes/2.1.5.x/Cake/View/View.php(470): View->_render('/var/www/apps/l...')
#10 /var/www/cakes/2.1.5.x/Cake/Controller/Controller.php(959): View->render('home', NULL)
#11 /var/www/apps/love/Controller/PagesController.php(80): Controller->render('home')
#12 [internal function]: PagesController->display('home')
#13 /var/www/cakes/2.1.5.x/Cake/Controller/Controller.php(485): ReflectionMethod->invokeArgs(Object(PagesController), Array)
#14 /var/www/cakes/2.1.5.x/Cake/Routing/Dispatcher.php(103): Controller->invokeAction(Object(CakeRequest))
#15 /var/www/cakes/2.1.5.x/Cake/Routing/Dispatcher.php(85): Dispatcher->_invoke(Object(PagesController), Object(CakeRequest), Object(CakeResponse))
#16 /var/www/apps/love/webroot/index.php(94): Dispatcher->dispatch(Object(CakeRequest), Object(CakeResponse))
#17 {main}
2012-12-18 13:24:11 Error: [PDOException] SQLSTATE[42S22]: Column not found: 1054 Unknown column 'PostMeta.location_address' in 'field list'
#0 /var/www/cakes/2.1.5.x/Cake/Model/Datasource/DboSource.php(437): PDOStatement->execute(Array)
#1 /var/www/cakes/2.1.5.x/Cake/Model/Datasource/DboSource.php(403): DboSource->_execute('SELECT `PostMet...', Array)
#2 /var/www/cakes/2.1.5.x/Cake/Model/Datasource/DboSource.php(647): DboSource->execute('SELECT `PostMet...', Array, Array)
#3 /var/www/cakes/2.1.5.x/Cake/Model/Datasource/DboSource.php(1058): DboSource->fetchAll('SELECT `PostMet...', false)
#4 /var/www/cakes/2.1.5.x/Cake/Model/Model.php(2701): DboSource->read(Object(PostMeta), Array)
#5 /var/www/apps/love/Model/PostMeta.php(22): Model->find('first', Array)
#6 /var/www/apps/love/View/Pages/home.ctp(10): PostMeta->getImage('59373')
#7 /var/www/cakes/2.1.5.x/Cake/View/View.php(915): include('/var/www/apps/l...')
#8 /var/www/cakes/2.1.5.x/Cake/View/View.php(879): View->_evaluate('/var/www/apps/l...', Array)
#9 /var/www/cakes/2.1.5.x/Cake/View/View.php(470): View->_render('/var/www/apps/l...')
#10 /var/www/cakes/2.1.5.x/Cake/Controller/Controller.php(959): View->render('home', NULL)
#11 /var/www/apps/love/Controller/PagesController.php(80): Controller->render('home')
#12 [internal function]: PagesController->display('home')
#13 /var/www/cakes/2.1.5.x/Cake/Controller/Controller.php(485): ReflectionMethod->invokeArgs(Object(PagesController), Array)
#14 /var/www/cakes/2.1.5.x/Cake/Routing/Dispatcher.php(103): Controller->invokeAction(Object(CakeRequest))
#15 /var/www/cakes/2.1.5.x/Cake/Routing/Dispatcher.php(85): Dispatcher->_invoke(Object(PagesController), Object(CakeRequest), Object(CakeResponse))
#16 /var/www/apps/love/webroot/index.php(94): Dispatcher->dispatch(Object(CakeRequest), Object(CakeResponse))
#17 {main}
